 Starting a kernel build using exynos9820-beyond0lte_defconfig 
#
# configuration written to .config
#
scripts/kconfig/conf  --silentoldconfig Kconfig
  CHK     include/config/kernel.release
  CHK     include/generated/uapi/linux/version.h
  CHK     include/generated/utsrelease.h
kperfmon_DUMMY="CONFIG_KPERFMON is off."
kperfmon_DUMMY="olog.pb.h file is missing... retrying"
cp: Aufruf von stat für './../../frameworks/base/proto/src/olog.proto' nicht möglich: Datei oder Verzeichnis nicht gefunden
kperfmon_DUMMY=""
cp: Aufruf von stat für './../../vendor/samsung/system/libperflog/aprotoc' nicht möglich: Datei oder Verzeichnis nicht gefunden
kperfmon_DUMMY=""
make[2]: ./drivers/kperfmon/aprotoc: Datei oder Verzeichnis nicht gefunden
kperfmon_DUMMY=""
cp: Aufruf von stat für './drivers/kperfmon/olog.pb.h' nicht möglich: Datei oder Verzeichnis nicht gefunden
kperfmon_DUMMY=""
kperfmon_DUMMY="olog.pb.h file is missing... again"
kperfmon_DUMMY="perflog.h file is missing."
cp: Aufruf von stat für './../../system/core/liblog/include/log/perflog.h' nicht möglich: Datei oder Verzeichnis nicht gefunden
kperfmon_DUMMY=""
kperfmon_DUMMY=""
  CHK     scripts/mod/devicetable-offsets.h
  CHK     include/generated/timeconst.h
  CHK     include/generated/bounds.h
  CHK     include/generated/asm-offsets.h
  CALL    scripts/checksyscalls.sh
  CHK     include/generated/compile.h
  CC      mm/page_alloc.o
  CC      mm/vmscan.o
  CC      block/genhd.o
  GZIP    kernel/config_data.gz
  CHK     kernel/config_data.h
  CC      drivers/cpufreq/cpufreq.o
  AR      block/built-in.o
  AR      drivers/cpufreq/built-in.o
  AR      mm/built-in.o
kperfmon_DUMMY="CONFIG_KPERFMON is off."
kperfmon_DUMMY="olog.pb.h file is missing... retrying"
cp: Aufruf von stat für './../../frameworks/base/proto/src/olog.proto' nicht möglich: Datei oder Verzeichnis nicht gefunden
kperfmon_DUMMY=""
cp: Aufruf von stat für './../../vendor/samsung/system/libperflog/aprotoc' nicht möglich: Datei oder Verzeichnis nicht gefunden
kperfmon_DUMMY=""
make[2]: ./drivers/kperfmon/aprotoc: Datei oder Verzeichnis nicht gefunden
kperfmon_DUMMY=""
cp: Aufruf von stat für './drivers/kperfmon/olog.pb.h' nicht möglich: Datei oder Verzeichnis nicht gefunden
kperfmon_DUMMY=""
kperfmon_DUMMY="olog.pb.h file is missing... again"
kperfmon_DUMMY="perflog.h file is missing."
cp: Aufruf von stat für './../../system/core/liblog/include/log/perflog.h' nicht möglich: Datei oder Verzeichnis nicht gefunden
kperfmon_DUMMY=""
kperfmon_DUMMY=""
  CC      drivers/kperfmon/ologk.o
  AR      drivers/kperfmon/built-in.o
  CC      drivers/samsung/misc/sec_argos.o
  AR      drivers/vision/npu/built-in.o
  AR      drivers/samsung/misc/built-in.o
  AR      drivers/samsung/built-in.o
  AR      drivers/vision/built-in.o
  AR      drivers/built-in.o
  GEN     .version
  CHK     include/generated/compile.h
  UPD     include/generated/compile.h
  CC      init/version.o
  AR      init/built-in.o
  AR      built-in.o
  LD      vmlinux.o
  MODPOST vmlinux.o
  KSYM    .tmp_kallsyms1.o
  KSYM    .tmp_kallsyms2.o
  LD      vmlinux
  SORTEX  vmlinux
  SYSMAP  System.map
  FIPS : Generating hmac of crypto and updating vmlinux... 
HMAC for "crypto" module is: b'31de1da91e2167cd0e3780bf8fc95fcd66ed8d5f5c16ae4cc842ef47dc8c3325'
FIPS integrity procedure has been finished for crypto
  FIPS : Generating hmac of fmp and updating vmlinux... 
HMAC for "fmp" module is: b'5bd3d4af7711f027fd1b57ff2074dad9389a319d0879a1fa6f2784b17de6894b'
FIPS integrity procedure has been finished for fmp
  OBJCOPY arch/arm64/boot/Image
  Building modules, stage 2.
  MODPOST 0 modules
  GZIP    arch/arm64/boot/Image.gz
 Finished kernel build
[H[2J[3J 
Android Image Kitchen - RepackImg Script
by osm0sis @ xda-developers
 
Warning: Overwriting existing files!
 
Packing ramdisk...
 
Warning: Using cpio 2.13 may result in an unusable repack; downgrade to 2.12 to be safe!
 
Using compression: gzip
 
Getting build information...
kernel = boot.img-kernel
cmdline = androidboot.selinux=permissive androidboot.selinux=permissive loop.max_part=7
board = SRPRI28A014KU
base = 0x10000000
pagesize = 2048
kernel_offset = 0x00008000
ramdisk_offset = 0x01000000
second_offset = 0xf0000000
tags_offset = 0x00000100
os_version = 13.0.0
os_patch_level = 2099-12
header_version = 1
hashtype = sha1
 
Building image...
 
Using format: AOSP
 
Done!
updating: META-INF/ (stored 0%)
updating: META-INF/com/ (stored 0%)
updating: META-INF/com/google/ (stored 0%)
updating: META-INF/com/google/android/ (stored 0%)
updating: dtbo.img (deflated 80%)
updating: dtb.img (deflated 81%)
updating: META-INF/com/google/android/update-binary (deflated 53%)
updating: META-INF/com/google/android/updater-script (deflated 61%)
  adding: boot.img (deflated 61%)
Total compile time was 33 seconds
